<?xml version="1.0" encoding="UTF-8"?>
<coverage generated="1627923421414" clover="3.2.0">
  <project timestamp="1627923421415" name="All files">
    <metrics statements="9" coveredstatements="8" conditionals="6" coveredconditionals="4" methods="2" coveredmethods="2" elements="17" coveredelements="14" complexity="0" loc="9" ncloc="9" packages="2" files="2" classes="2"/>
    <package name="FEC">
      <metrics statements="3" coveredstatements="3" conditionals="0" coveredconditionals="0" methods="0" coveredmethods="0"/>
      <file name="mockData.js" path="/Users/bear/hackreactor/FEC/mockData.js">
        <metrics statements="3" coveredstatements="3" conditionals="0" coveredconditionals="0" methods="0" coveredmethods="0"/>
        <line num="1" count="1" type="stmt"/>
        <line num="31" count="1" type="stmt"/>
        <line num="430" count="1" type="stmt"/>
      </file>
    </package>
    <package name="FEC.client.src.components.overview">
      <metrics statements="6" coveredstatements="5" conditionals="6" coveredconditionals="4" methods="2" coveredmethods="2"/>
      <file name="productInfo.jsx" path="/Users/bear/hackreactor/FEC/client/src/components/overview/productInfo.jsx">
        <metrics statements="6" coveredstatements="5" conditionals="6" coveredconditionals="4" methods="2" coveredmethods="2"/>
        <line num="7" count="3" type="cond" truecount="3" falsecount="1"/>
        <line num="8" count="0" type="stmt"/>
        <line num="11" count="3" type="stmt"/>
        <line num="12" count="3" type="stmt"/>
        <line num="14" count="3" type="stmt"/>
        <line num="29" count="3" type="stmt"/>
      </file>
    </package>
  </project>
</coverage>
