{"/Users/bear/hackreactor/FEC/mockData.js": {"path":"/Users/bear/hackreactor/FEC/mockData.js","statementMap":{"0":{"start":{"line":1,"column":16},"end":{"line":29,"column":1}},"1":{"start":{"line":31,"column":15},"end":{"line":428,"column":1}},"2":{"start":{"line":430,"column":19},"end":{"line":430,"column":20}}},"fnMap":{},"branchMap":{},"s":{"0":1,"1":1,"2":1},"f":{},"b":{},"_coverageSchema":"1a1c01bbd47fc00a2c39e90264f33305004495a9","hash":"76f34e73d910d7260086543f016fbc78d9ccd7f3"}
,"/Users/bear/hackreactor/FEC/client/src/components/overview/productInfo.jsx": {"path":"/Users/bear/hackreactor/FEC/client/src/components/overview/productInfo.jsx","statementMap":{"0":{"start":{"line":7,"column":2},"end":{"line":9,"column":3}},"1":{"start":{"line":8,"column":4},"end":{"line":8,"column":15}},"2":{"start":{"line":11,"column":17},"end":{"line":11,"column":47}},"3":{"start":{"line":12,"column":20},"end":{"line":12,"column":53}},"4":{"start":{"line":14,"column":2},"end":{"line":25,"column":4}},"5":{"start":{"line":29,"column":2},"end":{"line":41,"column":3}}},"fnMap":{"0":{"name":"ProductInfo","decl":{"start":{"line":6,"column":9},"end":{"line":6,"column":20}},"loc":{"start":{"line":6,"column":28},"end":{"line":26,"column":1}},"line":6},"1":{"name":"Share","decl":{"start":{"line":28,"column":9},"end":{"line":28,"column":14}},"loc":{"start":{"line":28,"column":17},"end":{"line":42,"column":1}},"line":28}},"branchMap":{"0":{"loc":{"start":{"line":7,"column":2},"end":{"line":9,"column":3}},"type":"if","locations":[{"start":{"line":7,"column":2},"end":{"line":9,"column":3}},{"start":{"line":7,"column":2},"end":{"line":9,"column":3}}],"line":7},"1":{"loc":{"start":{"line":7,"column":6},"end":{"line":7,"column":44}},"type":"binary-expr","locations":[{"start":{"line":7,"column":6},"end":{"line":7,"column":26}},{"start":{"line":7,"column":30},"end":{"line":7,"column":44}}],"line":7},"2":{"loc":{"start":{"line":19,"column":7},"end":{"line":19,"column":195}},"type":"cond-expr","locations":[{"start":{"line":19,"column":27},"end":{"line":19,"column":154}},{"start":{"line":19,"column":157},"end":{"line":19,"column":195}}],"line":19}},"s":{"0":3,"1":0,"2":3,"3":3,"4":3,"5":3},"f":{"0":3,"1":3},"b":{"0":[0,3],"1":[3,3],"2":[0,3]},"_coverageSchema":"1a1c01bbd47fc00a2c39e90264f33305004495a9","hash":"f4a52c44f78845dc3e0ad6a70dbee925455dce09"}
}
